Using pre-set license
Built from '2021.3/staging' branch; Version is '2021.3.9f1 (ad3870b89536) revision 11352176'; Using compiler version '192829333'; Build Type 'Release'
OS: 'Windows 11  (10.0.22000) 64bit Core' Language: 'en' Physical Memory: 16309 MB
BatchMode: 1, IsHumanControllingUs: 0, StartBugReporterOnCrash: 0, Is64bit: 1, IsPro: 1

COMMAND LINE ARGUMENTS:
C:\Program Files\Unity 2021.3.9f1\Editor\Unity.exe
-adb2
-batchMode
-noUpm
-name
AssetImportWorker0
-projectPath
C:/Users/user-pc/OneDrive/Documents/GIT/Escape-Buddies/Escape Buddies
-logFile
Logs/AssetImportWorker0.log
-srvPort
54413
Successfully changed project path to: C:/Users/user-pc/OneDrive/Documents/GIT/Escape-Buddies/Escape Buddies
C:/Users/user-pc/OneDrive/Documents/GIT/Escape-Buddies/Escape Buddies
[UnityMemory] Configuration Parameters - Can be set up in boot.config
    "memorysetup-bucket-allocator-granularity=16"
    "memorysetup-bucket-allocator-bucket-count=8"
    "memorysetup-bucket-allocator-block-size=33554432"
    "memorysetup-bucket-allocator-block-count=8"
    "memorysetup-main-allocator-block-size=16777216"
    "memorysetup-thread-allocator-block-size=16777216"
    "memorysetup-gfx-main-allocator-block-size=16777216"
    "memorysetup-gfx-thread-allocator-block-size=16777216"
    "memorysetup-cache-allocator-block-size=4194304"
    "memorysetup-typetree-allocator-block-size=2097152"
    "memorysetup-profiler-bucket-allocator-granularity=16"
    "memorysetup-profiler-bucket-allocator-bucket-count=8"
    "memorysetup-profiler-bucket-allocator-block-size=33554432"
    "memorysetup-profiler-bucket-allocator-block-count=8"
    "memorysetup-profiler-allocator-block-size=16777216"
    "memorysetup-profiler-editor-allocator-block-size=1048576"
    "memorysetup-temp-allocator-size-main=16777216"
    "memorysetup-job-temp-allocator-block-size=2097152"
    "memorysetup-job-temp-allocator-block-size-background=1048576"
    "memorysetup-job-temp-allocator-reduction-small-platforms=262144"
    "memorysetup-temp-allocator-size-background-worker=32768"
    "memorysetup-temp-allocator-size-job-worker=262144"
    "memorysetup-temp-allocator-size-preload-manager=33554432"
    "memorysetup-temp-allocator-size-nav-mesh-worker=65536"
    "memorysetup-temp-allocator-size-audio-worker=65536"
    "memorysetup-temp-allocator-size-cloud-worker=32768"
    "memorysetup-temp-allocator-size-gi-baking-worker=262144"
    "memorysetup-temp-allocator-size-gfx=262144"
Refreshing native plugins compatible for Editor in 129.57 ms, found 3 plugins.
Preloading 0 native plugins for Editor in 0.00 ms.
Initialize engine version: 2021.3.9f1 (ad3870b89536)
[Subsystems] Discovering subsystems at path C:/Program Files/Unity 2021.3.9f1/Editor/Data/Resources/UnitySubsystems
[Subsystems] Discovering subsystems at path C:/Users/user-pc/OneDrive/Documents/GIT/Escape-Buddies/Escape Buddies/Assets
GfxDevice: creating device client; threaded=0; jobified=0
Direct3D:
    Version:  Direct3D 11.0 [level 11.1]
    Renderer: AMD Radeon RX 6600 XT (ID=0x73ff)
    Vendor:   ATI
    VRAM:     8147 MB
    Driver:   31.0.12027.7000
Initialize mono
Mono path[0] = 'C:/Program Files/Unity 2021.3.9f1/Editor/Data/Managed'
Mono path[1] = 'C:/Program Files/Unity 2021.3.9f1/Editor/Data/MonoBleedingEdge/lib/mono/unityjit-win32'
Mono config path = 'C:/Program Files/Unity 2021.3.9f1/Editor/Data/MonoBleedingEdge/etc'
Using monoOptions --debugger-agent=transport=dt_socket,embedding=1,server=y,suspend=n,address=127.0.0.1:56228
Begin MonoManager ReloadAssembly
Registering precompiled unity dll's ...
Register platform support module: C:/Program Files/Unity 2021.3.9f1/Editor/Data/PlaybackEngines/WindowsStandaloneSupport/UnityEditor.WindowsStandalone.Extensions.dll
Registered in 0.005317 seconds.
Native extension for WindowsStandalone target not found
Refreshing native plugins compatible for Editor in 85.77 ms, found 3 plugins.
Preloading 0 native plugins for Editor in 0.00 ms.
Mono: successfully reloaded assembly
- Completed reload, in  0.609 seconds
Domain Reload Profiling:
	ReloadAssembly (610ms)
		BeginReloadAssembly (87ms)
			ExecutionOrderSort (0ms)
			DisableScriptedObjects (0ms)
			BackupInstance (0ms)
			ReleaseScriptingObjects (0ms)
			CreateAndSetChildDomain (1ms)
		EndReloadAssembly (411ms)
			LoadAssemblies (83ms)
			RebuildTransferFunctionScriptingTraits (0ms)
			SetupTypeCache (100ms)
			ReleaseScriptCaches (0ms)
			RebuildScriptCaches (24ms)
			SetupLoadedEditorAssemblies (236ms)
				LogAssemblyErrors (0ms)
				InitializePlatformSupportModulesInManaged (7ms)
				SetLoadedEditorAssemblies (0ms)
				RefreshPlugins (86ms)
				BeforeProcessingInitializeOnLoad (1ms)
				ProcessInitializeOnLoadAttributes (100ms)
				ProcessInitializeOnLoadMethodAttributes (41ms)
				AfterProcessingInitializeOnLoad (0ms)
				EditorAssembliesLoaded (0ms)
			ExecutionOrderSort2 (0ms)
			AwakeInstancesAfterBackupRestoration (0ms)
Platform modules already initialized, skipping
Registering precompiled user dll's ...
Registered in 0.014025 seconds.
Assembly with name 'kcp2k' already exists (Assets/3rd Party/Mirror/Runtime/Transports/KCP/kcp2k/KCP.asmdef)
Assembly with name 'kcp2k' already exists (Assets/Mirror/Runtime/Transports/KCP/kcp2k/KCP.asmdef)
Assembly with name 'Unity.Mirror.CodeGen' already exists (Assets/3rd Party/Mirror/Editor/Weaver/Unity.Mirror.CodeGen.asmdef)
Assembly with name 'Unity.Mirror.CodeGen' already exists (Assets/Mirror/Editor/Weaver/Unity.Mirror.CodeGen.asmdef)
Assembly with name 'Mirror' already exists (Assets/Mirror/Runtime/Mirror.asmdef)
Assembly with name 'Mirror' already exists (Assets/3rd Party/Mirror/Runtime/Mirror.asmdef)
Assembly with name 'Mirror.CompilerSymbols' already exists (Assets/3rd Party/Mirror/CompilerSymbols/Mirror.CompilerSymbols.asmdef)
Assembly with name 'Mirror.CompilerSymbols' already exists (Assets/Mirror/CompilerSymbols/Mirror.CompilerSymbols.asmdef)
Assembly with name 'Mirror.Authenticators' already exists (Assets/3rd Party/Mirror/Authenticators/Mirror.Authenticators.asmdef)
Assembly with name 'Mirror.Authenticators' already exists (Assets/Mirror/Authenticators/Mirror.Authenticators.asmdef)
Assembly with name 'where-allocations' already exists (Assets/3rd Party/Mirror/Runtime/Transports/KCP/kcp2k/where-allocation/Scripts/where-allocations.asmdef)
Assembly with name 'where-allocations' already exists (Assets/Mirror/Runtime/Transports/KCP/kcp2k/where-allocation/Scripts/where-allocations.asmdef)
Assembly with name 'Mirror.Editor' already exists (Assets/Mirror/Editor/Mirror.Editor.asmdef)
Assembly with name 'Mirror.Editor' already exists (Assets/3rd Party/Mirror/Editor/Mirror.Editor.asmdef)
Assembly with name 'Telepathy' already exists (Assets/Mirror/Runtime/Transports/Telepathy/Telepathy/Telepathy.asmdef)
Assembly with name 'Telepathy' already exists (Assets/3rd Party/Mirror/Runtime/Transports/Telepathy/Telepathy/Telepathy.asmdef)
Assembly with name 'SimpleWebTransport' already exists (Assets/3rd Party/Mirror/Runtime/Transports/SimpleWebTransport/SimpleWebTransport.asmdef)
Assembly with name 'SimpleWebTransport' already exists (Assets/Mirror/Runtime/Transports/SimpleWebTransport/SimpleWebTransport.asmdef)
Assembly with name 'Mirror.Components' already exists (Assets/3rd Party/Mirror/Components/Mirror.Components.asmdef)
Assembly with name 'Mirror.Components' already exists (Assets/Mirror/Components/Mirror.Components.asmdef)
Assembly with name 'kcp2k' already exists (Assets/3rd Party/Mirror/Runtime/Transports/KCP/kcp2k/KCP.asmdef)
Assembly with name 'kcp2k' already exists (Assets/Mirror/Runtime/Transports/KCP/kcp2k/KCP.asmdef)
Assembly with name 'Unity.Mirror.CodeGen' already exists (Assets/3rd Party/Mirror/Editor/Weaver/Unity.Mirror.CodeGen.asmdef)
Assembly with name 'Unity.Mirror.CodeGen' already exists (Assets/Mirror/Editor/Weaver/Unity.Mirror.CodeGen.asmdef)
Assembly with name 'Mirror' already exists (Assets/Mirror/Runtime/Mirror.asmdef)
Assembly with name 'Mirror' already exists (Assets/3rd Party/Mirror/Runtime/Mirror.asmdef)
Assembly with name 'Mirror.CompilerSymbols' already exists (Assets/3rd Party/Mirror/CompilerSymbols/Mirror.CompilerSymbols.asmdef)
Assembly with name 'Mirror.CompilerSymbols' already exists (Assets/Mirror/CompilerSymbols/Mirror.CompilerSymbols.asmdef)
Assembly with name 'Mirror.Authenticators' already exists (Assets/3rd Party/Mirror/Authenticators/Mirror.Authenticators.asmdef)
Assembly with name 'Mirror.Authenticators' already exists (Assets/Mirror/Authenticators/Mirror.Authenticators.asmdef)
Assembly with name 'where-allocations' already exists (Assets/3rd Party/Mirror/Runtime/Transports/KCP/kcp2k/where-allocation/Scripts/where-allocations.asmdef)
Assembly with name 'where-allocations' already exists (Assets/Mirror/Runtime/Transports/KCP/kcp2k/where-allocation/Scripts/where-allocations.asmdef)
Assembly with name 'Mirror.Editor' already exists (Assets/Mirror/Editor/Mirror.Editor.asmdef)
Assembly with name 'Mirror.Editor' already exists (Assets/3rd Party/Mirror/Editor/Mirror.Editor.asmdef)
Assembly with name 'Telepathy' already exists (Assets/Mirror/Runtime/Transports/Telepathy/Telepathy/Telepathy.asmdef)
Assembly with name 'Telepathy' already exists (Assets/3rd Party/Mirror/Runtime/Transports/Telepathy/Telepathy/Telepathy.asmdef)
Assembly with name 'SimpleWebTransport' already exists (Assets/3rd Party/Mirror/Runtime/Transports/SimpleWebTransport/SimpleWebTransport.asmdef)
Assembly with name 'SimpleWebTransport' already exists (Assets/Mirror/Runtime/Transports/SimpleWebTransport/SimpleWebTransport.asmdef)
Assembly with name 'Mirror.Components' already exists (Assets/3rd Party/Mirror/Components/Mirror.Components.asmdef)
Assembly with name 'Mirror.Components' already exists (Assets/Mirror/Components/Mirror.Components.asmdef)
Begin MonoManager ReloadAssembly
Symbol file LoadedFromMemory doesn't match image C:\Users\user-pc\OneDrive\Documents\GIT\Escape-Buddies\Escape Buddies\Library\PackageCache\com.unity.visualscripting@1.7.8\Editor\VisualScripting.Core\Dependencies\YamlDotNet\Unity.VisualScripting.YamlDotNet.dll
Symbol file LoadedFromMemory doesn't match image C:\Users\user-pc\OneDrive\Documents\GIT\Escape-Buddies\Escape Buddies\Library\PackageCache\com.unity.visualscripting@1.7.8\Editor\VisualScripting.Core\Dependencies\DotNetZip\Unity.VisualScripting.IonicZip.dll
Native extension for WindowsStandalone target not found
Refreshing native plugins compatible for Editor in 0.79 ms, found 3 plugins.
Preloading 0 native plugins for Editor in 0.00 ms.
Assembly with name 'kcp2k' already exists (Assets/3rd Party/Mirror/Runtime/Transports/KCP/kcp2k/KCP.asmdef)
Assembly with name 'kcp2k' already exists (Assets/Mirror/Runtime/Transports/KCP/kcp2k/KCP.asmdef)
Assembly with name 'Unity.Mirror.CodeGen' already exists (Assets/3rd Party/Mirror/Editor/Weaver/Unity.Mirror.CodeGen.asmdef)
Assembly with name 'Unity.Mirror.CodeGen' already exists (Assets/Mirror/Editor/Weaver/Unity.Mirror.CodeGen.asmdef)
Assembly with name 'Mirror' already exists (Assets/Mirror/Runtime/Mirror.asmdef)
Assembly with name 'Mirror' already exists (Assets/3rd Party/Mirror/Runtime/Mirror.asmdef)
Assembly with name 'Mirror.CompilerSymbols' already exists (Assets/3rd Party/Mirror/CompilerSymbols/Mirror.CompilerSymbols.asmdef)
Assembly with name 'Mirror.CompilerSymbols' already exists (Assets/Mirror/CompilerSymbols/Mirror.CompilerSymbols.asmdef)
Assembly with name 'Mirror.Authenticators' already exists (Assets/3rd Party/Mirror/Authenticators/Mirror.Authenticators.asmdef)
Assembly with name 'Mirror.Authenticators' already exists (Assets/Mirror/Authenticators/Mirror.Authenticators.asmdef)
Assembly with name 'where-allocations' already exists (Assets/3rd Party/Mirror/Runtime/Transports/KCP/kcp2k/where-allocation/Scripts/where-allocations.asmdef)
Assembly with name 'where-allocations' already exists (Assets/Mirror/Runtime/Transports/KCP/kcp2k/where-allocation/Scripts/where-allocations.asmdef)
Assembly with name 'Mirror.Editor' already exists (Assets/Mirror/Editor/Mirror.Editor.asmdef)
Assembly with name 'Mirror.Editor' already exists (Assets/3rd Party/Mirror/Editor/Mirror.Editor.asmdef)
Assembly with name 'Telepathy' already exists (Assets/Mirror/Runtime/Transports/Telepathy/Telepathy/Telepathy.asmdef)
Assembly with name 'Telepathy' already exists (Assets/3rd Party/Mirror/Runtime/Transports/Telepathy/Telepathy/Telepathy.asmdef)
Assembly with name 'SimpleWebTransport' already exists (Assets/3rd Party/Mirror/Runtime/Transports/SimpleWebTransport/SimpleWebTransport.asmdef)
Assembly with name 'SimpleWebTransport' already exists (Assets/Mirror/Runtime/Transports/SimpleWebTransport/SimpleWebTransport.asmdef)
Assembly with name 'Mirror.Components' already exists (Assets/3rd Party/Mirror/Components/Mirror.Components.asmdef)
Assembly with name 'Mirror.Components' already exists (Assets/Mirror/Components/Mirror.Components.asmdef)
Mono: successfully reloaded assembly
- Completed reload, in  0.646 seconds
Domain Reload Profiling:
	ReloadAssembly (647ms)
		BeginReloadAssembly (92ms)
			ExecutionOrderSort (0ms)
			DisableScriptedObjects (4ms)
			BackupInstance (0ms)
			ReleaseScriptingObjects (0ms)
			CreateAndSetChildDomain (15ms)
		EndReloadAssembly (447ms)
			LoadAssemblies (68ms)
			RebuildTransferFunctionScriptingTraits (0ms)
			SetupTypeCache (144ms)
			ReleaseScriptCaches (1ms)
			RebuildScriptCaches (29ms)
			SetupLoadedEditorAssemblies (178ms)
				LogAssemblyErrors (0ms)
				InitializePlatformSupportModulesInManaged (4ms)
				SetLoadedEditorAssemblies (0ms)
				RefreshPlugins (1ms)
				BeforeProcessingInitializeOnLoad (88ms)
				ProcessInitializeOnLoadAttributes (63ms)
				ProcessInitializeOnLoadMethodAttributes (13ms)
				AfterProcessingInitializeOnLoad (8ms)
				EditorAssembliesLoaded (0ms)
			ExecutionOrderSort2 (0ms)
			AwakeInstancesAfterBackupRestoration (5ms)
Platform modules already initialized, skipping
========================================================================
Worker process is ready to serve import requests
Launched and connected shader compiler UnityShaderCompiler.exe after 0.04 seconds
Refreshing native plugins compatible for Editor in 11.63 ms, found 3 plugins.
Preloading 0 native plugins for Editor in 0.00 ms.
Unloading 3956 Unused Serialized files (Serialized files now loaded: 0)
Unloading 32 unused Assets / (114.0 KB). Loaded Objects now: 4422.
Memory consumption went from 158.1 MB to 158.0 MB.
Total: 4.305200 ms (FindLiveObjects: 0.589700 ms CreateObjectMapping: 0.180500 ms MarkObjects: 3.367400 ms  DeleteObjects: 0.166400 ms)

AssetImportParameters requested are different than current active one (requested -> active):
  custom:video-decoder-ogg-theora: a1e56fd34408186e4bbccfd4996cb3dc -> 
  custom:container-muxer-webm: aa71ff27fc2769a1b78a27578f13a17b -> 
  custom:container-demuxer-webm: 4f35f7cbe854078d1ac9338744f61a02 -> 
  custom:video-encoder-webm-vp8: eb34c28f22e8b96e1ab97ce403110664 -> 
  custom:audio-encoder-webm-vorbis: bf7c407c2cedff20999df2af8eb42d56 -> 
  custom:framework-win-MediaFoundation: 216162199b28c13a410421893ffa2e32 -> 
  custom:container-demuxer-ogg: 62fdf1f143b41e24485cea50d1cbac27 -> 
  custom:video-decoder-webm-vp8: 9c59270c3fd7afecdb556c50c9e8de78 -> 
  custom:audio-decoder-ogg-vorbis: bf7c407c2cedff20999df2af8eb42d56 -> 
========================================================================
Received Import Request.
  Time since last request: 366195.169913 seconds.
  path: Assets/UniversalRenderPipelineGlobalSettings.asset
  artifactKey: Guid(02c78bd874f63ec4495a0d4dc12f577d) Importer(815301076,1909f56bfc062723c751e8b465ee728b)
Start importing Assets/UniversalRenderPipelineGlobalSettings.asset using Guid(02c78bd874f63ec4495a0d4dc12f577d) Importer(815301076,1909f56bfc062723c751e8b465ee728b)  -> (artifact id: 'a88cc43953fa61f373d4f56c1c852fb9') in 0.028267 seconds 
